# JRE version: Java(TM) SE Runtime Environment (8.0_172-b11) (build 1.8.0_172-b11)
# Java VM: Java HotSpot(TM) 64-Bit Server VM (25.172-b11 mixed mode windows-amd64 compressed oops)
Heap:
 PSYoungGen      total 178176K, used 73570K [0x00000000eab00000, 0x00000000f9a00000, 0x0000000100000000)
  eden space 162304K, 35% used [0x00000000eab00000,0x00000000ee392aa8,0x00000000f4980000)
  from space 15872K, 98% used [0x00000000f4980000,0x00000000f58c6078,0x00000000f5900000)
  to   space 17920K, 0% used [0x00000000f8880000,0x00000000f8880000,0x00000000f9a00000)
 ParOldGen       total 124416K, used 35032K [0x00000000c0000000, 0x00000000c7980000, 0x00000000eab00000)
  object space 124416K, 28% used [0x00000000c0000000,0x00000000c2236030,0x00000000c7980000)
 Metaspace       used 67552K, capacity 69448K, committed 69784K, reserved 1110016K
  class space    used 9054K, capacity 9542K, committed 9648K, reserved 1048576K
GC Heap History (10 events):
Event: 30.890 GC heap before
{Heap before GC invocations=16 (full 2):
 PSYoungGen      total 111104K, used 107927K [0x00000000eab00000, 0x00000000f3e00000, 0x0000000100000000)
  eden space 99328K, 100% used [0x00000000eab00000,0x00000000f0c00000,0x00000000f0c00000)
  from space 11776K, 73% used [0x00000000f0c00000,0x00000000f1465fd8,0x00000000f1780000)
  to   space 11776K, 0% used [0x00000000f3280000,0x00000000f3280000,0x00000000f3e00000)
 ParOldGen       total 92160K, used 25181K [0x00000000c0000000, 0x00000000c5a00000, 0x00000000eab00000)
  object space 92160K, 27% used [0x00000000c0000000,0x00000000c1897738,0x00000000c5a00000)
 Metaspace       used 49075K, capacity 49942K, committed 50352K, reserved 1093632K
  class space    used 6716K, capacity 7003K, committed 7088K, reserved 1048576K
Event: 30.908 GC heap after
Heap after GC invocations=16 (full 2):
 PSYoungGen      total 138752K, used 8646K [0x00000000eab00000, 0x00000000f3e80000, 0x0000000100000000)
  eden space 126976K, 0% used [0x00000000eab00000,0x00000000eab00000,0x00000000f2700000)
  from space 11776K, 73% used [0x00000000f3280000,0x00000000f3af1a80,0x00000000f3e00000)
  to   space 11776K, 0% used [0x00000000f2700000,0x00000000f2700000,0x00000000f3280000)
 ParOldGen       total 92160K, used 25189K [0x00000000c0000000, 0x00000000c5a00000, 0x00000000eab00000)
  object space 92160K, 27% used [0x00000000c0000000,0x00000000c1899738,0x00000000c5a00000)
 Metaspace       used 49075K, capacity 49942K, committed 50352K, reserved 1093632K
  class space    used 6716K, capacity 7003K, committed 7088K, reserved 1048576K
}
Event: 35.331 GC heap before
{Heap before GC invocations=17 (full 2):
 PSYoungGen      total 138752K, used 135622K [0x00000000eab00000, 0x00000000f3e80000, 0x0000000100000000)
  eden space 126976K, 100% used [0x00000000eab00000,0x00000000f2700000,0x00000000f2700000)
  from space 11776K, 73% used [0x00000000f3280000,0x00000000f3af1a80,0x00000000f3e00000)
  to   space 11776K, 0% used [0x00000000f2700000,0x00000000f2700000,0x00000000f3280000)
 ParOldGen       total 92160K, used 25189K [0x00000000c0000000, 0x00000000c5a00000, 0x00000000eab00000)
  object space 92160K, 27% used [0x00000000c0000000,0x00000000c1899738,0x00000000c5a00000)
 Metaspace       used 57422K, capacity 59066K, committed 59160K, reserved 1099776K
  class space    used 7983K, capacity 8415K, committed 8496K, reserved 1048576K
Event: 35.371 GC heap after
Heap after GC invocations=17 (full 2):
 PSYoungGen      total 138752K, used 11744K [0x00000000eab00000, 0x00000000f6900000, 0x0000000100000000)
  eden space 126976K, 0% used [0x00000000eab00000,0x00000000eab00000,0x00000000f2700000)
  from space 11776K, 99% used [0x00000000f2700000,0x00000000f3278210,0x00000000f3280000)
  to   space 16384K, 0% used [0x00000000f5900000,0x00000000f5900000,0x00000000f6900000)
 ParOldGen       total 92160K, used 33909K [0x00000000c0000000, 0x00000000c5a00000, 0x00000000eab00000)
  object space 92160K, 36% used [0x00000000c0000000,0x00000000c211d488,0x00000000c5a00000)
 Metaspace       used 57422K, capacity 59066K, committed 59160K, reserved 1099776K
  class space    used 7983K, capacity 8415K, committed 8496K, reserved 1048576K
}
Event: 35.445 GC heap before
{Heap before GC invocations=18 (full 2):
 PSYoungGen      total 138752K, used 14951K [0x00000000eab00000, 0x00000000f6900000, 0x0000000100000000)
  eden space 126976K, 2% used [0x00000000eab00000,0x00000000eae21c48,0x00000000f2700000)
  from space 11776K, 99% used [0x00000000f2700000,0x00000000f3278210,0x00000000f3280000)
  to   space 16384K, 0% used [0x00000000f5900000,0x00000000f5900000,0x00000000f6900000)
 ParOldGen       total 92160K, used 33909K [0x00000000c0000000, 0x00000000c5a00000, 0x00000000eab00000)
  object space 92160K, 36% used [0x00000000c0000000,0x00000000c211d488,0x00000000c5a00000)
 Metaspace       used 57524K, capacity 59146K, committed 59160K, reserved 1099776K
  class space    used 8000K, capacity 8487K, committed 8496K, reserved 1048576K
Event: 35.482 GC heap after
Heap after GC invocations=18 (full 2):
 PSYoungGen      total 178688K, used 7961K [0x00000000eab00000, 0x00000000f8780000, 0x0000000100000000)
  eden space 162304K, 0% used [0x00000000eab00000,0x00000000eab00000,0x00000000f4980000)
  from space 16384K, 48% used [0x00000000f5900000,0x00000000f60c6778,0x00000000f6900000)
  to   space 15872K, 0% used [0x00000000f4980000,0x00000000f4980000,0x00000000f5900000)
 ParOldGen       total 92160K, used 37925K [0x00000000c0000000, 0x00000000c5a00000, 0x00000000eab00000)
  object space 92160K, 41% used [0x00000000c0000000,0x00000000c2509780,0x00000000c5a00000)
 Metaspace       used 57524K, capacity 59146K, committed 59160K, reserved 1099776K
  class space    used 8000K, capacity 8487K, committed 8496K, reserved 1048576K
}
Event: 35.483 GC heap before
{Heap before GC invocations=19 (full 3):
 PSYoungGen      total 178688K, used 7961K [0x00000000eab00000, 0x00000000f8780000, 0x0000000100000000)
  eden space 162304K, 0% used [0x00000000eab00000,0x00000000eab00000,0x00000000f4980000)
  from space 16384K, 48% used [0x00000000f5900000,0x00000000f60c6778,0x00000000f6900000)
  to   space 15872K, 0% used [0x00000000f4980000,0x00000000f4980000,0x00000000f5900000)
 ParOldGen       total 92160K, used 37925K [0x00000000c0000000, 0x00000000c5a00000, 0x00000000eab00000)
  object space 92160K, 41% used [0x00000000c0000000,0x00000000c2509780,0x00000000c5a00000)
 Metaspace       used 57524K, capacity 59146K, committed 59160K, reserved 1099776K
  class space    used 8000K, capacity 8487K, committed 8496K, reserved 1048576K
Event: 36.323 GC heap after
Heap after GC invocations=19 (full 3):
 PSYoungGen      total 178688K, used 0K [0x00000000eab00000, 0x00000000f8780000, 0x0000000100000000)
  eden space 162304K, 0% used [0x00000000eab00000,0x00000000eab00000,0x00000000f4980000)
  from space 16384K, 0% used [0x00000000f5900000,0x00000000f5900000,0x00000000f6900000)
  to   space 15872K, 0% used [0x00000000f4980000,0x00000000f4980000,0x00000000f5900000)
 ParOldGen       total 124416K, used 35024K [0x00000000c0000000, 0x00000000c7980000, 0x00000000eab00000)
  object space 124416K, 28% used [0x00000000c0000000,0x00000000c2234030,0x00000000c7980000)
 Metaspace       used 57524K, capacity 59146K, committed 59160K, reserved 1099776K
  class space    used 8000K, capacity 8487K, committed 8496K, reserved 1048576K
}
Event: 58.320 GC heap before
{Heap before GC invocations=20 (full 3):
 PSYoungGen      total 178688K, used 162304K [0x00000000eab00000, 0x00000000f8780000, 0x0000000100000000)
  eden space 162304K, 100% used [0x00000000eab00000,0x00000000f4980000,0x00000000f4980000)
  from space 16384K, 0% used [0x00000000f5900000,0x00000000f5900000,0x00000000f6900000)
  to   space 15872K, 0% used [0x00000000f4980000,0x00000000f4980000,0x00000000f5900000)
 ParOldGen       total 124416K, used 35024K [0x00000000c0000000, 0x00000000c7980000, 0x00000000eab00000)
  object space 124416K, 28% used [0x00000000c0000000,0x00000000c2234030,0x00000000c7980000)
 Metaspace       used 65063K, capacity 66910K, committed 67096K, reserved 1107968K
  class space    used 8906K, capacity 9407K, committed 9520K, reserved 1048576K
Event: 58.351 GC heap after
Heap after GC invocations=20 (full 3):
 PSYoungGen      total 178176K, used 15640K [0x00000000eab00000, 0x00000000f9a00000, 0x0000000100000000)
  eden space 162304K, 0% used [0x00000000eab00000,0x00000000eab00000,0x00000000f4980000)
  from space 15872K, 98% used [0x00000000f4980000,0x00000000f58c6078,0x00000000f5900000)
  to   space 17920K, 0% used [0x00000000f8880000,0x00000000f8880000,0x00000000f9a00000)
 ParOldGen       total 124416K, used 35032K [0x00000000c0000000, 0x00000000c7980000, 0x00000000eab00000)
  object space 124416K, 28% used [0x00000000c0000000,0x00000000c2236030,0x00000000c7980000)
 Metaspace       used 65063K, capacity 66910K, committed 67096K, reserved 1107968K
  class space    used 8906K, capacity 9407K, committed 9520K, reserved 1048576K
}

