# JRE version: Java(TM) SE Runtime Environment (8.0_172-b11) (build 1.8.0_172-b11)
# Java VM: Java HotSpot(TM) 64-Bit Server VM (25.172-b11 mixed mode windows-amd64 compressed oops)
Heap:
 PSYoungGen      total 201216K, used 44628K [0x00000000eab00000, 0x00000000f8500000, 0x0000000100000000)
  eden space 184320K, 24% used [0x00000000eab00000,0x00000000ed695270,0x00000000f5f00000)
  from space 16896K, 0% used [0x00000000f6f80000,0x00000000f6f80000,0x00000000f8000000)
  to   space 16896K, 0% used [0x00000000f5f00000,0x00000000f5f00000,0x00000000f6f80000)
 ParOldGen       total 141824K, used 37122K [0x00000000c0000000, 0x00000000c8a80000, 0x00000000eab00000)
  object space 141824K, 26% used [0x00000000c0000000,0x00000000c2440b68,0x00000000c8a80000)
 Metaspace       used 60877K, capacity 62724K, committed 63000K, reserved 1103872K
  class space    used 8457K, capacity 9000K, committed 9008K, reserved 1048576K
GC Heap History (10 events):
Event: 25.597 GC heap before
{Heap before GC invocations=13 (full 2):
 PSYoungGen      total 124928K, used 124922K [0x00000000eab00000, 0x00000000f3f00000, 0x0000000100000000)
  eden space 113152K, 100% used [0x00000000eab00000,0x00000000f1980000,0x00000000f1980000)
  from space 11776K, 99% used [0x00000000f3380000,0x00000000f3efeb40,0x00000000f3f00000)
  to   space 13824K, 0% used [0x00000000f2400000,0x00000000f2400000,0x00000000f3180000)
 ParOldGen       total 90112K, used 18679K [0x00000000c0000000, 0x00000000c5800000, 0x00000000eab00000)
  object space 90112K, 20% used [0x00000000c0000000,0x00000000c123dce8,0x00000000c5800000)
 Metaspace       used 48171K, capacity 49034K, committed 49456K, reserved 1091584K
  class space    used 6640K, capacity 6919K, committed 6960K, reserved 1048576K
Event: 25.679 GC heap after
Heap after GC invocations=13 (full 2):
 PSYoungGen      total 137728K, used 8183K [0x00000000eab00000, 0x00000000f5300000, 0x0000000100000000)
  eden space 123904K, 0% used [0x00000000eab00000,0x00000000eab00000,0x00000000f2400000)
  from space 13824K, 59% used [0x00000000f2400000,0x00000000f2bfdce0,0x00000000f3180000)
  to   space 13312K, 0% used [0x00000000f4600000,0x00000000f4600000,0x00000000f5300000)
 ParOldGen       total 90112K, used 26952K [0x00000000c0000000, 0x00000000c5800000, 0x00000000eab00000)
  object space 90112K, 29% used [0x00000000c0000000,0x00000000c1a52350,0x00000000c5800000)
 Metaspace       used 48171K, capacity 49034K, committed 49456K, reserved 1091584K
  class space    used 6640K, capacity 6919K, committed 6960K, reserved 1048576K
}
Event: 28.146 GC heap before
{Heap before GC invocations=14 (full 2):
 PSYoungGen      total 137728K, used 132087K [0x00000000eab00000, 0x00000000f5300000, 0x0000000100000000)
  eden space 123904K, 100% used [0x00000000eab00000,0x00000000f2400000,0x00000000f2400000)
  from space 13824K, 59% used [0x00000000f2400000,0x00000000f2bfdce0,0x00000000f3180000)
  to   space 13312K, 0% used [0x00000000f4600000,0x00000000f4600000,0x00000000f5300000)
 ParOldGen       total 90112K, used 26952K [0x00000000c0000000, 0x00000000c5800000, 0x00000000eab00000)
  object space 90112K, 29% used [0x00000000c0000000,0x00000000c1a52350,0x00000000c5800000)
 Metaspace       used 48367K, capacity 49250K, committed 49456K, reserved 1091584K
  class space    used 6644K, capacity 6923K, committed 6960K, reserved 1048576K
Event: 28.193 GC heap after
Heap after GC invocations=14 (full 2):
 PSYoungGen      total 159232K, used 8230K [0x00000000eab00000, 0x00000000f6080000, 0x0000000100000000)
  eden space 145920K, 0% used [0x00000000eab00000,0x00000000eab00000,0x00000000f3980000)
  from space 13312K, 61% used [0x00000000f4600000,0x00000000f4e09920,0x00000000f5300000)
  to   space 12800K, 0% used [0x00000000f3980000,0x00000000f3980000,0x00000000f4600000)
 ParOldGen       total 90112K, used 26960K [0x00000000c0000000, 0x00000000c5800000, 0x00000000eab00000)
  object space 90112K, 29% used [0x00000000c0000000,0x00000000c1a54350,0x00000000c5800000)
 Metaspace       used 48367K, capacity 49250K, committed 49456K, reserved 1091584K
  class space    used 6644K, capacity 6923K, committed 6960K, reserved 1048576K
}
Event: 35.777 GC heap before
{Heap before GC invocations=15 (full 2):
 PSYoungGen      total 159232K, used 154150K [0x00000000eab00000, 0x00000000f6080000, 0x0000000100000000)
  eden space 145920K, 100% used [0x00000000eab00000,0x00000000f3980000,0x00000000f3980000)
  from space 13312K, 61% used [0x00000000f4600000,0x00000000f4e09920,0x00000000f5300000)
  to   space 12800K, 0% used [0x00000000f3980000,0x00000000f3980000,0x00000000f4600000)
 ParOldGen       total 90112K, used 26960K [0x00000000c0000000, 0x00000000c5800000, 0x00000000eab00000)
  object space 90112K, 29% used [0x00000000c0000000,0x00000000c1a54350,0x00000000c5800000)
 Metaspace       used 56507K, capacity 57960K, committed 58288K, reserved 1099776K
  class space    used 7830K, capacity 8261K, committed 8368K, reserved 1048576K
Event: 35.811 GC heap after
Heap after GC invocations=15 (full 2):
 PSYoungGen      total 158720K, used 12785K [0x00000000eab00000, 0x00000000f8000000, 0x0000000100000000)
  eden space 145920K, 0% used [0x00000000eab00000,0x00000000eab00000,0x00000000f3980000)
  from space 12800K, 99% used [0x00000000f3980000,0x00000000f45fc708,0x00000000f4600000)
  to   space 16896K, 0% used [0x00000000f6f80000,0x00000000f6f80000,0x00000000f8000000)
 ParOldGen       total 90112K, used 33508K [0x00000000c0000000, 0x00000000c5800000, 0x00000000eab00000)
  object space 90112K, 37% used [0x00000000c0000000,0x00000000c20b91e0,0x00000000c5800000)
 Metaspace       used 56507K, capacity 57960K, committed 58288K, reserved 1099776K
  class space    used 7830K, capacity 8261K, committed 8368K, reserved 1048576K
}
Event: 36.544 GC heap before
{Heap before GC invocations=16 (full 2):
 PSYoungGen      total 158720K, used 35352K [0x00000000eab00000, 0x00000000f8000000, 0x0000000100000000)
  eden space 145920K, 15% used [0x00000000eab00000,0x00000000ec109a50,0x00000000f3980000)
  from space 12800K, 99% used [0x00000000f3980000,0x00000000f45fc708,0x00000000f4600000)
  to   space 16896K, 0% used [0x00000000f6f80000,0x00000000f6f80000,0x00000000f8000000)
 ParOldGen       total 90112K, used 33508K [0x00000000c0000000, 0x00000000c5800000, 0x00000000eab00000)
  object space 90112K, 37% used [0x00000000c0000000,0x00000000c20b91e0,0x00000000c5800000)
 Metaspace       used 57466K, capacity 59114K, committed 59160K, reserved 1099776K
  class space    used 7969K, capacity 8451K, committed 8496K, reserved 1048576K
Event: 36.566 GC heap after
Heap after GC invocations=16 (full 2):
 PSYoungGen      total 201216K, used 2784K [0x00000000eab00000, 0x00000000f8500000, 0x0000000100000000)
  eden space 184320K, 0% used [0x00000000eab00000,0x00000000eab00000,0x00000000f5f00000)
  from space 16896K, 16% used [0x00000000f6f80000,0x00000000f7238000,0x00000000f8000000)
  to   space 16896K, 0% used [0x00000000f5f00000,0x00000000f5f00000,0x00000000f6f80000)
 ParOldGen       total 90112K, used 42743K [0x00000000c0000000, 0x00000000c5800000, 0x00000000eab00000)
  object space 90112K, 47% used [0x00000000c0000000,0x00000000c29bdf88,0x00000000c5800000)
 Metaspace       used 57466K, capacity 59114K, committed 59160K, reserved 1099776K
  class space    used 7969K, capacity 8451K, committed 8496K, reserved 1048576K
}
Event: 36.566 GC heap before
{Heap before GC invocations=17 (full 3):
 PSYoungGen      total 201216K, used 2784K [0x00000000eab00000, 0x00000000f8500000, 0x0000000100000000)
  eden space 184320K, 0% used [0x00000000eab00000,0x00000000eab00000,0x00000000f5f00000)
  from space 16896K, 16% used [0x00000000f6f80000,0x00000000f7238000,0x00000000f8000000)
  to   space 16896K, 0% used [0x00000000f5f00000,0x00000000f5f00000,0x00000000f6f80000)
 ParOldGen       total 90112K, used 42743K [0x00000000c0000000, 0x00000000c5800000, 0x00000000eab00000)
  object space 90112K, 47% used [0x00000000c0000000,0x00000000c29bdf88,0x00000000c5800000)
 Metaspace       used 57466K, capacity 59114K, committed 59160K, reserved 1099776K
  class space    used 7969K, capacity 8451K, committed 8496K, reserved 1048576K
Event: 37.552 GC heap after
Heap after GC invocations=17 (full 3):
 PSYoungGen      total 201216K, used 0K [0x00000000eab00000, 0x00000000f8500000, 0x0000000100000000)
  eden space 184320K, 0% used [0x00000000eab00000,0x00000000eab00000,0x00000000f5f00000)
  from space 16896K, 0% used [0x00000000f6f80000,0x00000000f6f80000,0x00000000f8000000)
  to   space 16896K, 0% used [0x00000000f5f00000,0x00000000f5f00000,0x00000000f6f80000)
 ParOldGen       total 141824K, used 37122K [0x00000000c0000000, 0x00000000c8a80000, 0x00000000eab00000)
  object space 141824K, 26% used [0x00000000c0000000,0x00000000c2440b68,0x00000000c8a80000)
 Metaspace       used 57466K, capacity 59114K, committed 59160K, reserved 1099776K
  class space    used 7969K, capacity 8451K, committed 8496K, reserved 1048576K
}

